[INFO] 11-06-2023 10:47:06 [main] [LogUtils] - Successful login
[INFO] 11-06-2023 10:47:10 [main] [LogUtils] - Driver in TestContext: ChromeDriver: chrome on windows (e0b4a9e868817451e0e40e52ecf89da9)
[INFO] 11-06-2023 10:47:13 [main] [LogUtils] - Open URL: https://crm.anhtester.com/admin/authentication
[INFO] 11-06-2023 10:47:14 [main] [LogUtils] - Verify By.xpath: //h1[normalize-space()='Login'] is displayed
[INFO] 11-06-2023 10:47:14 [main] [LogUtils] - Successful login
[INFO] 11-06-2023 10:47:14 [main] [LogUtils] - Set text: admin@example.com on element By.xpath: //input[@id='email']
[INFO] 11-06-2023 10:47:14 [main] [LogUtils] - Set text: 123456 on element By.xpath: //input[@id='password']
[INFO] 11-06-2023 10:47:14 [main] [LogUtils] - Successful login
[INFO] 11-06-2023 10:47:16 [main] [LogUtils] - Click element By.xpath: //button[normalize-space()='Login']
[INFO] 11-06-2023 10:47:16 [main] [LogUtils] - Successful login
[INFO] 11-06-2023 10:47:16 [main] [LogUtils] - Verify By.xpath: //img[contains(@class,'img img-responsive')] is displayed
[INFO] 11-06-2023 10:47:16 [main] [LogUtils] - Successful login
[INFO] 11-06-2023 10:47:16 [main] [LogUtils] - Verify equals: Customers and Customers
[INFO] 11-06-2023 10:47:16 [main] [LogUtils] - Successful login
[INFO] 11-06-2023 10:58:01 [TestNG-test=Run Gherkin-1] [LogUtils] - Successful login
[INFO] 11-06-2023 10:58:04 [TestNG-test=Run Gherkin-1] [LogUtils] - Driver in TestContext: ChromeDriver: chrome on windows (413c414dd3f55a1fc3e603c3529c4a36)
[INFO] 11-06-2023 10:58:05 [TestNG-test=Run Gherkin-1] [LogUtils] - Open URL: https://crm.anhtester.com/admin/authentication
[INFO] 11-06-2023 10:58:05 [TestNG-test=Run Gherkin-1] [LogUtils] - Verify By.xpath: //h1[normalize-space()='Login'] is displayed
[INFO] 11-06-2023 10:58:05 [TestNG-test=Run Gherkin-1] [LogUtils] - Successful login
[INFO] 11-06-2023 10:58:06 [TestNG-test=Run Gherkin-1] [LogUtils] - Set text: admin@example.com on element By.xpath: //input[@id='email']
[INFO] 11-06-2023 10:58:06 [TestNG-test=Run Gherkin-1] [LogUtils] - Set text: 123456 on element By.xpath: //input[@id='password']
[INFO] 11-06-2023 10:58:06 [TestNG-test=Run Gherkin-1] [LogUtils] - Successful login
[INFO] 11-06-2023 10:58:08 [TestNG-test=Run Gherkin-1] [LogUtils] - Click element By.xpath: //button[normalize-space()='Login']
[INFO] 11-06-2023 10:58:08 [TestNG-test=Run Gherkin-1] [LogUtils] - Successful login
[INFO] 11-06-2023 10:58:08 [TestNG-test=Run Gherkin-1] [LogUtils] - Verify By.xpath: //img[contains(@class,'img img-responsive')] is displayed
[INFO] 11-06-2023 10:58:08 [TestNG-test=Run Gherkin-1] [LogUtils] - Successful login
[INFO] 11-06-2023 10:58:08 [TestNG-test=Run Gherkin-1] [LogUtils] - Verify equals: Customers and Customers
[INFO] 11-06-2023 10:58:08 [TestNG-test=Run Gherkin-1] [LogUtils] - Successful login
