[INFO] 12-06-2023 05:20:24 [TestNG-test=Run Gherkin-1] [LogUtils] - Successful login
[INFO] 12-06-2023 05:20:29 [TestNG-test=Run Gherkin-1] [LogUtils] - Driver in TestContext: ChromeDriver: chrome on windows (79fe3a009a50673847549949953f8566)
[INFO] 12-06-2023 05:20:30 [TestNG-test=Run Gherkin-1] [LogUtils] - Open URL: https://crm.anhtester.com/admin/authentication
[INFO] 12-06-2023 05:20:30 [TestNG-test=Run Gherkin-1] [LogUtils] - Verify By.xpath: //h1[normalize-space()='Login'] is displayed
[INFO] 12-06-2023 05:20:30 [TestNG-test=Run Gherkin-1] [LogUtils] - Successful login
[INFO] 12-06-2023 05:20:30 [TestNG-test=Run Gherkin-1] [LogUtils] - Set text: admin@example.com on element By.xpath: //input[@id='email']
[INFO] 12-06-2023 05:20:30 [TestNG-test=Run Gherkin-1] [LogUtils] - Set text: 123456 on element By.xpath: //input[@id='password']
[INFO] 12-06-2023 05:20:30 [TestNG-test=Run Gherkin-1] [LogUtils] - Successful login
[INFO] 12-06-2023 05:20:33 [TestNG-test=Run Gherkin-1] [LogUtils] - Click element By.xpath: //button[normalize-space()='Login']
[INFO] 12-06-2023 05:20:33 [TestNG-test=Run Gherkin-1] [LogUtils] - Successful login
[INFO] 12-06-2023 05:20:33 [TestNG-test=Run Gherkin-1] [LogUtils] - Verify By.xpath: //img[contains(@class,'img img-responsive')] is displayed
[INFO] 12-06-2023 05:20:33 [TestNG-test=Run Gherkin-1] [LogUtils] - Successful login
[INFO] 12-06-2023 05:20:33 [TestNG-test=Run Gherkin-1] [LogUtils] - Verify equals: Customers and Customers
[INFO] 12-06-2023 05:20:33 [TestNG-test=Run Gherkin-1] [LogUtils] - Successful login
[INFO] 12-06-2023 05:20:33 [TestNG-test=Run Gherkin-1] [LogUtils] - Invalid Login with multiple account
[INFO] 12-06-2023 05:20:34 [TestNG-test=Run Gherkin-1] [LogUtils] - Driver in TestContext: ChromeDriver: chrome on windows (21e22abc8fbd368543509c6c0f8046e2)
[INFO] 12-06-2023 05:20:35 [TestNG-test=Run Gherkin-1] [LogUtils] - Open URL: https://crm.anhtester.com/admin/authentication
[INFO] 12-06-2023 05:20:35 [TestNG-test=Run Gherkin-1] [LogUtils] - Verify By.xpath: //h1[normalize-space()='Login'] is displayed
[INFO] 12-06-2023 05:20:35 [TestNG-test=Run Gherkin-1] [LogUtils] - Invalid Login with multiple account
[INFO] 12-06-2023 05:20:35 [TestNG-test=Run Gherkin-1] [LogUtils] - Set text: user@example.com on element By.xpath: //input[@id='email']
[INFO] 12-06-2023 05:20:35 [TestNG-test=Run Gherkin-1] [LogUtils] - Set text: 123456 on element By.xpath: //input[@id='password']
[INFO] 12-06-2023 05:20:36 [TestNG-test=Run Gherkin-1] [LogUtils] - Click element By.xpath: //button[normalize-space()='Login']
[INFO] 12-06-2023 05:20:36 [TestNG-test=Run Gherkin-1] [LogUtils] - Set text: admin@example.com on element By.xpath: //input[@id='email']
[INFO] 12-06-2023 05:20:36 [TestNG-test=Run Gherkin-1] [LogUtils] - Set text: 123 on element By.xpath: //input[@id='password']
[INFO] 12-06-2023 05:20:36 [TestNG-test=Run Gherkin-1] [LogUtils] - Click element By.xpath: //button[normalize-space()='Login']
[INFO] 12-06-2023 05:20:36 [TestNG-test=Run Gherkin-1] [LogUtils] - Set text: user@example.com on element By.xpath: //input[@id='email']
[INFO] 12-06-2023 05:20:36 [TestNG-test=Run Gherkin-1] [LogUtils] - Set text: 123 on element By.xpath: //input[@id='password']
[INFO] 12-06-2023 05:20:37 [TestNG-test=Run Gherkin-1] [LogUtils] - Click element By.xpath: //button[normalize-space()='Login']
[INFO] 12-06-2023 05:20:37 [TestNG-test=Run Gherkin-1] [LogUtils] - Invalid Login with multiple account
[INFO] 12-06-2023 05:20:37 [TestNG-test=Run Gherkin-1] [LogUtils] - Verify By.xpath: //div[@class='text-center alert alert-danger'] is displayed
[INFO] 12-06-2023 05:20:37 [TestNG-test=Run Gherkin-1] [LogUtils] - Get text: Invalid email or password
[INFO] 12-06-2023 05:20:37 [TestNG-test=Run Gherkin-1] [LogUtils] - Verify equals: Invalid email or password and Invalid email or password
[INFO] 12-06-2023 05:20:37 [TestNG-test=Run Gherkin-1] [LogUtils] - Invalid Login with multiple account
[INFO] 12-06-2023 05:20:37 [TestNG-test=Run Gherkin-1] [LogUtils] - Empty Username
[INFO] 12-06-2023 05:20:38 [TestNG-test=Run Gherkin-1] [LogUtils] - Driver in TestContext: ChromeDriver: chrome on windows (12cfb097e954c0b3b5b913eb47fcb405)
[INFO] 12-06-2023 05:20:38 [TestNG-test=Run Gherkin-1] [LogUtils] - Open URL: https://crm.anhtester.com/admin/authentication
[INFO] 12-06-2023 05:20:38 [TestNG-test=Run Gherkin-1] [LogUtils] - Verify By.xpath: //h1[normalize-space()='Login'] is displayed
[INFO] 12-06-2023 05:20:39 [TestNG-test=Run Gherkin-1] [LogUtils] - Empty Username
[INFO] 12-06-2023 05:20:39 [TestNG-test=Run Gherkin-1] [LogUtils] - Empty Username
[INFO] 12-06-2023 05:20:39 [TestNG-test=Run Gherkin-1] [LogUtils] - Set text: 123456 on element By.xpath: //input[@id='password']
[INFO] 12-06-2023 05:20:39 [TestNG-test=Run Gherkin-1] [LogUtils] - Empty Username
[INFO] 12-06-2023 05:20:39 [TestNG-test=Run Gherkin-1] [LogUtils] - Click element By.xpath: //button[normalize-space()='Login']
[INFO] 12-06-2023 05:20:39 [TestNG-test=Run Gherkin-1] [LogUtils] - Empty Username
[INFO] 12-06-2023 05:20:39 [TestNG-test=Run Gherkin-1] [LogUtils] - Verify By.xpath: //div[@class='alert alert-danger text-center'] is displayed
[INFO] 12-06-2023 05:20:39 [TestNG-test=Run Gherkin-1] [LogUtils] - Get text: The Email Address field is required.
[INFO] 12-06-2023 05:20:39 [TestNG-test=Run Gherkin-1] [LogUtils] - Verify equals: The Email Address field is required. and The Email Address field is required.
[INFO] 12-06-2023 05:20:39 [TestNG-test=Run Gherkin-1] [LogUtils] - Empty Username
[INFO] 12-06-2023 05:20:39 [TestNG-test=Run Gherkin-1] [LogUtils] - Empty Password
[INFO] 12-06-2023 05:20:40 [TestNG-test=Run Gherkin-1] [LogUtils] - Driver in TestContext: ChromeDriver: chrome on windows (05f5fcae9ad91da7ffe8eb29dfce5c0e)
[INFO] 12-06-2023 05:20:41 [TestNG-test=Run Gherkin-1] [LogUtils] - Open URL: https://crm.anhtester.com/admin/authentication
[INFO] 12-06-2023 05:20:41 [TestNG-test=Run Gherkin-1] [LogUtils] - Verify By.xpath: //h1[normalize-space()='Login'] is displayed
[INFO] 12-06-2023 05:20:41 [TestNG-test=Run Gherkin-1] [LogUtils] - Empty Password
[INFO] 12-06-2023 05:20:41 [TestNG-test=Run Gherkin-1] [LogUtils] - Empty Password
[INFO] 12-06-2023 05:20:41 [TestNG-test=Run Gherkin-1] [LogUtils] - Set text: admin@example.com on element By.xpath: //input[@id='email']
[INFO] 12-06-2023 05:20:41 [TestNG-test=Run Gherkin-1] [LogUtils] - Empty Password
[INFO] 12-06-2023 05:20:41 [TestNG-test=Run Gherkin-1] [LogUtils] - Click element By.xpath: //button[normalize-space()='Login']
[INFO] 12-06-2023 05:20:41 [TestNG-test=Run Gherkin-1] [LogUtils] - Empty Password
[INFO] 12-06-2023 05:20:41 [TestNG-test=Run Gherkin-1] [LogUtils] - Verify By.xpath: //div[@class='alert alert-danger text-center'] is displayed
[INFO] 12-06-2023 05:20:42 [TestNG-test=Run Gherkin-1] [LogUtils] - Get text: The Password field is required.
[INFO] 12-06-2023 05:20:42 [TestNG-test=Run Gherkin-1] [LogUtils] - Verify equals: The Password field is required. and The Password field is required.
[INFO] 12-06-2023 05:20:42 [TestNG-test=Run Gherkin-1] [LogUtils] - Empty Password
[INFO] 12-06-2023 05:20:42 [TestNG-test=Run Gherkin-1] [LogUtils] - Forgotten Password
[INFO] 12-06-2023 05:20:43 [TestNG-test=Run Gherkin-1] [LogUtils] - Driver in TestContext: ChromeDriver: chrome on windows (3fc1ff3aef2b8ad0e3f7cf382573a52b)
[INFO] 12-06-2023 05:20:43 [TestNG-test=Run Gherkin-1] [LogUtils] - Open URL: https://crm.anhtester.com/admin/authentication
[INFO] 12-06-2023 05:20:43 [TestNG-test=Run Gherkin-1] [LogUtils] - Verify By.xpath: //h1[normalize-space()='Login'] is displayed
[INFO] 12-06-2023 05:20:43 [TestNG-test=Run Gherkin-1] [LogUtils] - Forgotten Password
[INFO] 12-06-2023 05:20:43 [TestNG-test=Run Gherkin-1] [LogUtils] - Forgotten Password
[INFO] 12-06-2023 05:20:43 [TestNG-test=Run Gherkin-1] [LogUtils] - Verify equals: Forgot Password? and Forgot Password?
[INFO] 12-06-2023 05:20:43 [TestNG-test=Run Gherkin-1] [LogUtils] - Forgotten Password
[INFO] 12-06-2023 05:20:43 [TestNG-test=Run Gherkin-1] [LogUtils] - Set text: admin@example.com on element By.xpath: //input[@id='email']
[INFO] 12-06-2023 05:20:43 [TestNG-test=Run Gherkin-1] [LogUtils] - Forgotten Password
[ERROR] 12-06-2023 05:21:04 [TestNG-test=Run Gherkin-1] [LogUtils] - Timeout waiting for the element Visible. By.xpath: //button[normalize-space()='Confirm']
[INFO] 12-06-2023 05:22:04 [main] [LogUtils] - Successful login
[INFO] 12-06-2023 05:22:07 [main] [LogUtils] - Driver in TestContext: ChromeDriver: chrome on windows (3c558a4a3929cf1db628bac88c1ab86c)
[INFO] 12-06-2023 05:22:08 [main] [LogUtils] - Open URL: https://crm.anhtester.com/admin/authentication
[INFO] 12-06-2023 05:22:08 [main] [LogUtils] - Verify By.xpath: //h1[normalize-space()='Login'] is displayed
[INFO] 12-06-2023 05:22:08 [main] [LogUtils] - Successful login
[INFO] 12-06-2023 05:22:08 [main] [LogUtils] - Set text: admin@example.com on element By.xpath: //input[@id='email']
[INFO] 12-06-2023 05:22:08 [main] [LogUtils] - Set text: 123456 on element By.xpath: //input[@id='password']
[INFO] 12-06-2023 05:22:08 [main] [LogUtils] - Successful login
[INFO] 12-06-2023 05:22:10 [main] [LogUtils] - Click element By.xpath: //button[normalize-space()='Login']
[INFO] 12-06-2023 05:22:10 [main] [LogUtils] - Successful login
[INFO] 12-06-2023 05:22:10 [main] [LogUtils] - Verify By.xpath: //img[contains(@class,'img img-responsive')] is displayed
[INFO] 12-06-2023 05:22:10 [main] [LogUtils] - Successful login
[INFO] 12-06-2023 05:22:10 [main] [LogUtils] - Verify equals: Customers and Customers
[INFO] 12-06-2023 05:22:10 [main] [LogUtils] - Successful login
[INFO] 12-06-2023 05:22:11 [main] [LogUtils] - Invalid Login with multiple account
[INFO] 12-06-2023 05:22:12 [main] [LogUtils] - Driver in TestContext: ChromeDriver: chrome on windows (4e848b33e03a9be6e055673fe308f799)
[INFO] 12-06-2023 05:22:12 [main] [LogUtils] - Open URL: https://crm.anhtester.com/admin/authentication
[INFO] 12-06-2023 05:22:12 [main] [LogUtils] - Verify By.xpath: //h1[normalize-space()='Login'] is displayed
[INFO] 12-06-2023 05:22:12 [main] [LogUtils] - Invalid Login with multiple account
[INFO] 12-06-2023 05:22:12 [main] [LogUtils] - Set text: user@example.com on element By.xpath: //input[@id='email']
[INFO] 12-06-2023 05:22:13 [main] [LogUtils] - Set text: 123456 on element By.xpath: //input[@id='password']
[INFO] 12-06-2023 05:22:13 [main] [LogUtils] - Click element By.xpath: //button[normalize-space()='Login']
[INFO] 12-06-2023 05:22:13 [main] [LogUtils] - Set text: admin@example.com on element By.xpath: //input[@id='email']
[INFO] 12-06-2023 05:22:13 [main] [LogUtils] - Set text: 123 on element By.xpath: //input[@id='password']
[INFO] 12-06-2023 05:22:13 [main] [LogUtils] - Click element By.xpath: //button[normalize-space()='Login']
[INFO] 12-06-2023 05:22:14 [main] [LogUtils] - Set text: user@example.com on element By.xpath: //input[@id='email']
[INFO] 12-06-2023 05:22:14 [main] [LogUtils] - Set text: 123 on element By.xpath: //input[@id='password']
[INFO] 12-06-2023 05:22:14 [main] [LogUtils] - Click element By.xpath: //button[normalize-space()='Login']
[INFO] 12-06-2023 05:22:14 [main] [LogUtils] - Invalid Login with multiple account
[INFO] 12-06-2023 05:22:14 [main] [LogUtils] - Verify By.xpath: //div[@class='text-center alert alert-danger'] is displayed
[INFO] 12-06-2023 05:22:14 [main] [LogUtils] - Get text: Invalid email or password
[INFO] 12-06-2023 05:22:14 [main] [LogUtils] - Verify equals: Invalid email or password and Invalid email or password
[INFO] 12-06-2023 05:22:14 [main] [LogUtils] - Invalid Login with multiple account
[INFO] 12-06-2023 05:22:14 [main] [LogUtils] - Empty Username
[INFO] 12-06-2023 05:22:15 [main] [LogUtils] - Driver in TestContext: ChromeDriver: chrome on windows (9a642d9c9ae26470c4736417c76c7a4a)
[INFO] 12-06-2023 05:22:16 [main] [LogUtils] - Open URL: https://crm.anhtester.com/admin/authentication
[INFO] 12-06-2023 05:22:16 [main] [LogUtils] - Verify By.xpath: //h1[normalize-space()='Login'] is displayed
[INFO] 12-06-2023 05:22:16 [main] [LogUtils] - Empty Username
[INFO] 12-06-2023 05:22:16 [main] [LogUtils] - Empty Username
[INFO] 12-06-2023 05:22:16 [main] [LogUtils] - Set text: 123456 on element By.xpath: //input[@id='password']
[INFO] 12-06-2023 05:22:16 [main] [LogUtils] - Empty Username
[INFO] 12-06-2023 05:22:16 [main] [LogUtils] - Click element By.xpath: //button[normalize-space()='Login']
[INFO] 12-06-2023 05:22:16 [main] [LogUtils] - Empty Username
[INFO] 12-06-2023 05:22:16 [main] [LogUtils] - Verify By.xpath: //div[@class='alert alert-danger text-center'] is displayed
[INFO] 12-06-2023 05:22:16 [main] [LogUtils] - Get text: The Email Address field is required.
[INFO] 12-06-2023 05:22:16 [main] [LogUtils] - Verify equals: The Email Address field is required. and The Email Address field is required.
[INFO] 12-06-2023 05:22:16 [main] [LogUtils] - Empty Username
[INFO] 12-06-2023 05:22:17 [main] [LogUtils] - Empty Password
[INFO] 12-06-2023 05:22:18 [main] [LogUtils] - Driver in TestContext: ChromeDriver: chrome on windows (bd23727bcc30f6cd6daf3b0c64120b91)
[INFO] 12-06-2023 05:22:18 [main] [LogUtils] - Open URL: https://crm.anhtester.com/admin/authentication
[INFO] 12-06-2023 05:22:18 [main] [LogUtils] - Verify By.xpath: //h1[normalize-space()='Login'] is displayed
[INFO] 12-06-2023 05:22:18 [main] [LogUtils] - Empty Password
[INFO] 12-06-2023 05:22:18 [main] [LogUtils] - Empty Password
[INFO] 12-06-2023 05:22:18 [main] [LogUtils] - Set text: admin@example.com on element By.xpath: //input[@id='email']
[INFO] 12-06-2023 05:22:18 [main] [LogUtils] - Empty Password
[INFO] 12-06-2023 05:22:18 [main] [LogUtils] - Click element By.xpath: //button[normalize-space()='Login']
[INFO] 12-06-2023 05:22:18 [main] [LogUtils] - Empty Password
[INFO] 12-06-2023 05:22:19 [main] [LogUtils] - Verify By.xpath: //div[@class='alert alert-danger text-center'] is displayed
[INFO] 12-06-2023 05:22:19 [main] [LogUtils] - Get text: The Password field is required.
[INFO] 12-06-2023 05:22:19 [main] [LogUtils] - Verify equals: The Password field is required. and The Password field is required.
[INFO] 12-06-2023 05:22:19 [main] [LogUtils] - Empty Password
[INFO] 12-06-2023 05:22:19 [main] [LogUtils] - Forgotten Password
[INFO] 12-06-2023 05:22:20 [main] [LogUtils] - Driver in TestContext: ChromeDriver: chrome on windows (30bd0f0261b08a8fba49c0c48cd9f543)
[INFO] 12-06-2023 05:22:20 [main] [LogUtils] - Open URL: https://crm.anhtester.com/admin/authentication
[INFO] 12-06-2023 05:22:20 [main] [LogUtils] - Verify By.xpath: //h1[normalize-space()='Login'] is displayed
[INFO] 12-06-2023 05:22:20 [main] [LogUtils] - Forgotten Password
[INFO] 12-06-2023 05:22:20 [main] [LogUtils] - Forgotten Password
[INFO] 12-06-2023 05:22:20 [main] [LogUtils] - Verify equals: Forgot Password? and Forgot Password?
[INFO] 12-06-2023 05:22:20 [main] [LogUtils] - Forgotten Password
[INFO] 12-06-2023 05:22:21 [main] [LogUtils] - Set text: admin@example.com on element By.xpath: //input[@id='email']
[INFO] 12-06-2023 05:22:21 [main] [LogUtils] - Forgotten Password
[ERROR] 12-06-2023 05:22:41 [main] [LogUtils] - Timeout waiting for the element Visible. By.xpath: //button[normalize-space()='Confirm']
[INFO] 12-06-2023 05:26:04 [main] [LogUtils] - Successful login
[INFO] 12-06-2023 05:26:06 [main] [LogUtils] - Driver in TestContext: ChromeDriver: chrome on windows (e1ebff4b349df0e070297008c193bb3a)
[INFO] 12-06-2023 05:26:06 [main] [LogUtils] - Open URL: https://crm.anhtester.com/admin/authentication
[INFO] 12-06-2023 05:26:07 [main] [LogUtils] - Verify By.xpath: //h1[normalize-space()='Login'] is displayed
[INFO] 12-06-2023 05:26:07 [main] [LogUtils] - Successful login
[INFO] 12-06-2023 05:26:07 [main] [LogUtils] - Set text: admin@example.com on element By.xpath: //input[@id='email']
[INFO] 12-06-2023 05:26:07 [main] [LogUtils] - Set text: 123456 on element By.xpath: //input[@id='password']
[INFO] 12-06-2023 05:26:07 [main] [LogUtils] - Successful login
[INFO] 12-06-2023 05:26:08 [main] [LogUtils] - Click element By.xpath: //button[normalize-space()='Login']
[INFO] 12-06-2023 05:26:08 [main] [LogUtils] - Successful login
[INFO] 12-06-2023 05:26:09 [main] [LogUtils] - Verify By.xpath: //img[contains(@class,'img img-responsive')] is displayed
[INFO] 12-06-2023 05:26:09 [main] [LogUtils] - Successful login
[INFO] 12-06-2023 05:26:09 [main] [LogUtils] - Verify equals: Customers and Customers
[INFO] 12-06-2023 05:26:09 [main] [LogUtils] - Successful login
[INFO] 12-06-2023 05:26:09 [main] [LogUtils] - Invalid Login with multiple account
[INFO] 12-06-2023 05:26:10 [main] [LogUtils] - Driver in TestContext: ChromeDriver: chrome on windows (a22fae4b3c916871c12952f640c6253a)
[INFO] 12-06-2023 05:26:10 [main] [LogUtils] - Open URL: https://crm.anhtester.com/admin/authentication
[INFO] 12-06-2023 05:26:10 [main] [LogUtils] - Verify By.xpath: //h1[normalize-space()='Login'] is displayed
[INFO] 12-06-2023 05:26:10 [main] [LogUtils] - Invalid Login with multiple account
[INFO] 12-06-2023 05:26:10 [main] [LogUtils] - Set text: user@example.com on element By.xpath: //input[@id='email']
[INFO] 12-06-2023 05:26:10 [main] [LogUtils] - Set text: 123456 on element By.xpath: //input[@id='password']
[INFO] 12-06-2023 05:26:10 [main] [LogUtils] - Click element By.xpath: //button[normalize-space()='Login']
[INFO] 12-06-2023 05:26:11 [main] [LogUtils] - Set text: admin@example.com on element By.xpath: //input[@id='email']
[INFO] 12-06-2023 05:26:11 [main] [LogUtils] - Set text: 123 on element By.xpath: //input[@id='password']
[INFO] 12-06-2023 05:26:11 [main] [LogUtils] - Click element By.xpath: //button[normalize-space()='Login']
[INFO] 12-06-2023 05:26:11 [main] [LogUtils] - Set text: user@example.com on element By.xpath: //input[@id='email']
[INFO] 12-06-2023 05:26:11 [main] [LogUtils] - Set text: 123 on element By.xpath: //input[@id='password']
[INFO] 12-06-2023 05:26:11 [main] [LogUtils] - Click element By.xpath: //button[normalize-space()='Login']
[INFO] 12-06-2023 05:26:11 [main] [LogUtils] - Invalid Login with multiple account
[INFO] 12-06-2023 05:26:11 [main] [LogUtils] - Verify By.xpath: //div[@class='text-center alert alert-danger'] is displayed
[INFO] 12-06-2023 05:26:11 [main] [LogUtils] - Get text: Invalid email or password
[INFO] 12-06-2023 05:26:11 [main] [LogUtils] - Verify equals: Invalid email or password and Invalid email or password
[INFO] 12-06-2023 05:26:11 [main] [LogUtils] - Invalid Login with multiple account
[INFO] 12-06-2023 05:26:11 [main] [LogUtils] - Empty Username
[INFO] 12-06-2023 05:26:12 [main] [LogUtils] - Driver in TestContext: ChromeDriver: chrome on windows (c9082a3cf6736790bbaf3fcef9b56356)
[INFO] 12-06-2023 05:26:12 [main] [LogUtils] - Open URL: https://crm.anhtester.com/admin/authentication
[INFO] 12-06-2023 05:26:13 [main] [LogUtils] - Verify By.xpath: //h1[normalize-space()='Login'] is displayed
[INFO] 12-06-2023 05:26:13 [main] [LogUtils] - Empty Username
[INFO] 12-06-2023 05:26:13 [main] [LogUtils] - Empty Username
[INFO] 12-06-2023 05:26:13 [main] [LogUtils] - Set text: 123456 on element By.xpath: //input[@id='password']
[INFO] 12-06-2023 05:26:13 [main] [LogUtils] - Empty Username
[INFO] 12-06-2023 05:26:13 [main] [LogUtils] - Click element By.xpath: //button[normalize-space()='Login']
[INFO] 12-06-2023 05:26:13 [main] [LogUtils] - Empty Username
[INFO] 12-06-2023 05:26:13 [main] [LogUtils] - Verify By.xpath: //div[@class='alert alert-danger text-center'] is displayed
[INFO] 12-06-2023 05:26:13 [main] [LogUtils] - Get text: The Email Address field is required.
[INFO] 12-06-2023 05:26:13 [main] [LogUtils] - Verify equals: The Email Address field is required. and The Email Address field is required.
[INFO] 12-06-2023 05:26:13 [main] [LogUtils] - Empty Username
[INFO] 12-06-2023 05:26:13 [main] [LogUtils] - Empty Password
[INFO] 12-06-2023 05:26:14 [main] [LogUtils] - Driver in TestContext: ChromeDriver: chrome on windows (42007e741c69dbdf5d665752c9bc2115)
[INFO] 12-06-2023 05:26:14 [main] [LogUtils] - Open URL: https://crm.anhtester.com/admin/authentication
[INFO] 12-06-2023 05:26:14 [main] [LogUtils] - Verify By.xpath: //h1[normalize-space()='Login'] is displayed
[INFO] 12-06-2023 05:26:14 [main] [LogUtils] - Empty Password
[INFO] 12-06-2023 05:26:14 [main] [LogUtils] - Empty Password
[INFO] 12-06-2023 05:26:14 [main] [LogUtils] - Set text: admin@example.com on element By.xpath: //input[@id='email']
[INFO] 12-06-2023 05:26:14 [main] [LogUtils] - Empty Password
[INFO] 12-06-2023 05:26:14 [main] [LogUtils] - Click element By.xpath: //button[normalize-space()='Login']
[INFO] 12-06-2023 05:26:14 [main] [LogUtils] - Empty Password
[INFO] 12-06-2023 05:26:14 [main] [LogUtils] - Verify By.xpath: //div[@class='alert alert-danger text-center'] is displayed
[INFO] 12-06-2023 05:26:15 [main] [LogUtils] - Get text: The Password field is required.
[INFO] 12-06-2023 05:26:15 [main] [LogUtils] - Verify equals: The Password field is required. and The Password field is required.
[INFO] 12-06-2023 05:26:15 [main] [LogUtils] - Empty Password
[INFO] 12-06-2023 05:26:15 [main] [LogUtils] - Forgotten Password
[INFO] 12-06-2023 05:26:15 [main] [LogUtils] - Driver in TestContext: ChromeDriver: chrome on windows (dc93d4de1716109906d37c011c35fef7)
[INFO] 12-06-2023 05:26:16 [main] [LogUtils] - Open URL: https://crm.anhtester.com/admin/authentication
[INFO] 12-06-2023 05:26:16 [main] [LogUtils] - Verify By.xpath: //h1[normalize-space()='Login'] is displayed
[INFO] 12-06-2023 05:26:16 [main] [LogUtils] - Forgotten Password
[INFO] 12-06-2023 05:26:16 [main] [LogUtils] - Forgotten Password
[INFO] 12-06-2023 05:26:16 [main] [LogUtils] - Click element By.xpath: //a[normalize-space()='Forgot Password?']
[INFO] 12-06-2023 05:26:16 [main] [LogUtils] - Verify equals: Forgot Password? and Forgot Password?
[INFO] 12-06-2023 05:26:16 [main] [LogUtils] - Forgotten Password
[INFO] 12-06-2023 05:26:16 [main] [LogUtils] - Set text: admin@example.com on element By.xpath: //input[@id='email']
[INFO] 12-06-2023 05:26:16 [main] [LogUtils] - Forgotten Password
[INFO] 12-06-2023 05:26:16 [main] [LogUtils] - Click element By.xpath: //button[normalize-space()='Confirm']
[INFO] 12-06-2023 05:26:16 [main] [LogUtils] - Forgotten Password
[INFO] 12-06-2023 05:27:04 [TestNG-test=Run Gherkin-1] [LogUtils] - Successful login
[INFO] 12-06-2023 05:27:07 [TestNG-test=Run Gherkin-1] [LogUtils] - Driver in TestContext: ChromeDriver: chrome on windows (6213b87bfcfcafa4c5fc3689eaae2573)
[INFO] 12-06-2023 05:27:07 [TestNG-test=Run Gherkin-1] [LogUtils] - Open URL: https://crm.anhtester.com/admin/authentication
[INFO] 12-06-2023 05:27:07 [TestNG-test=Run Gherkin-1] [LogUtils] - Verify By.xpath: //h1[normalize-space()='Login'] is displayed
[INFO] 12-06-2023 05:27:07 [TestNG-test=Run Gherkin-1] [LogUtils] - Successful login
[INFO] 12-06-2023 05:27:07 [TestNG-test=Run Gherkin-1] [LogUtils] - Set text: admin@example.com on element By.xpath: //input[@id='email']
[INFO] 12-06-2023 05:27:07 [TestNG-test=Run Gherkin-1] [LogUtils] - Set text: 123456 on element By.xpath: //input[@id='password']
[INFO] 12-06-2023 05:27:07 [TestNG-test=Run Gherkin-1] [LogUtils] - Successful login
[INFO] 12-06-2023 05:27:09 [TestNG-test=Run Gherkin-1] [LogUtils] - Click element By.xpath: //button[normalize-space()='Login']
[INFO] 12-06-2023 05:27:09 [TestNG-test=Run Gherkin-1] [LogUtils] - Successful login
[INFO] 12-06-2023 05:27:09 [TestNG-test=Run Gherkin-1] [LogUtils] - Verify By.xpath: //img[contains(@class,'img img-responsive')] is displayed
[INFO] 12-06-2023 05:27:09 [TestNG-test=Run Gherkin-1] [LogUtils] - Successful login
[INFO] 12-06-2023 05:27:09 [TestNG-test=Run Gherkin-1] [LogUtils] - Verify equals: Customers and Customers
[INFO] 12-06-2023 05:27:09 [TestNG-test=Run Gherkin-1] [LogUtils] - Successful login
[INFO] 12-06-2023 05:27:10 [TestNG-test=Run Gherkin-1] [LogUtils] - Invalid Login with multiple account
[INFO] 12-06-2023 05:27:11 [TestNG-test=Run Gherkin-1] [LogUtils] - Driver in TestContext: ChromeDriver: chrome on windows (d90d39fe8af3ef436c4c157ae40a1227)
[INFO] 12-06-2023 05:27:11 [TestNG-test=Run Gherkin-1] [LogUtils] - Open URL: https://crm.anhtester.com/admin/authentication
[INFO] 12-06-2023 05:27:11 [TestNG-test=Run Gherkin-1] [LogUtils] - Verify By.xpath: //h1[normalize-space()='Login'] is displayed
[INFO] 12-06-2023 05:27:11 [TestNG-test=Run Gherkin-1] [LogUtils] - Invalid Login with multiple account
[INFO] 12-06-2023 05:27:11 [TestNG-test=Run Gherkin-1] [LogUtils] - Set text: user@example.com on element By.xpath: //input[@id='email']
[INFO] 12-06-2023 05:27:11 [TestNG-test=Run Gherkin-1] [LogUtils] - Set text: 123456 on element By.xpath: //input[@id='password']
[INFO] 12-06-2023 05:27:11 [TestNG-test=Run Gherkin-1] [LogUtils] - Click element By.xpath: //button[normalize-space()='Login']
[INFO] 12-06-2023 05:27:12 [TestNG-test=Run Gherkin-1] [LogUtils] - Set text: admin@example.com on element By.xpath: //input[@id='email']
[INFO] 12-06-2023 05:27:12 [TestNG-test=Run Gherkin-1] [LogUtils] - Set text: 123 on element By.xpath: //input[@id='password']
[INFO] 12-06-2023 05:27:12 [TestNG-test=Run Gherkin-1] [LogUtils] - Click element By.xpath: //button[normalize-space()='Login']
[INFO] 12-06-2023 05:27:12 [TestNG-test=Run Gherkin-1] [LogUtils] - Set text: user@example.com on element By.xpath: //input[@id='email']
[INFO] 12-06-2023 05:27:12 [TestNG-test=Run Gherkin-1] [LogUtils] - Set text: 123 on element By.xpath: //input[@id='password']
[INFO] 12-06-2023 05:27:12 [TestNG-test=Run Gherkin-1] [LogUtils] - Click element By.xpath: //button[normalize-space()='Login']
[INFO] 12-06-2023 05:27:12 [TestNG-test=Run Gherkin-1] [LogUtils] - Invalid Login with multiple account
[INFO] 12-06-2023 05:27:12 [TestNG-test=Run Gherkin-1] [LogUtils] - Verify By.xpath: //div[@class='text-center alert alert-danger'] is displayed
[INFO] 12-06-2023 05:27:12 [TestNG-test=Run Gherkin-1] [LogUtils] - Get text: Invalid email or password
[INFO] 12-06-2023 05:27:12 [TestNG-test=Run Gherkin-1] [LogUtils] - Verify equals: Invalid email or password and Invalid email or password
[INFO] 12-06-2023 05:27:12 [TestNG-test=Run Gherkin-1] [LogUtils] - Invalid Login with multiple account
[INFO] 12-06-2023 05:27:12 [TestNG-test=Run Gherkin-1] [LogUtils] - Empty Username
[INFO] 12-06-2023 05:27:13 [TestNG-test=Run Gherkin-1] [LogUtils] - Driver in TestContext: ChromeDriver: chrome on windows (61e44a9e32b9fc0ea7e062e97b9c69b4)
[INFO] 12-06-2023 05:27:13 [TestNG-test=Run Gherkin-1] [LogUtils] - Open URL: https://crm.anhtester.com/admin/authentication
[INFO] 12-06-2023 05:27:13 [TestNG-test=Run Gherkin-1] [LogUtils] - Verify By.xpath: //h1[normalize-space()='Login'] is displayed
[INFO] 12-06-2023 05:27:13 [TestNG-test=Run Gherkin-1] [LogUtils] - Empty Username
[INFO] 12-06-2023 05:27:13 [TestNG-test=Run Gherkin-1] [LogUtils] - Empty Username
[INFO] 12-06-2023 05:27:14 [TestNG-test=Run Gherkin-1] [LogUtils] - Set text: 123456 on element By.xpath: //input[@id='password']
[INFO] 12-06-2023 05:27:14 [TestNG-test=Run Gherkin-1] [LogUtils] - Empty Username
[INFO] 12-06-2023 05:27:14 [TestNG-test=Run Gherkin-1] [LogUtils] - Click element By.xpath: //button[normalize-space()='Login']
[INFO] 12-06-2023 05:27:14 [TestNG-test=Run Gherkin-1] [LogUtils] - Empty Username
[INFO] 12-06-2023 05:27:14 [TestNG-test=Run Gherkin-1] [LogUtils] - Verify By.xpath: //div[@class='alert alert-danger text-center'] is displayed
[INFO] 12-06-2023 05:27:14 [TestNG-test=Run Gherkin-1] [LogUtils] - Get text: The Email Address field is required.
[INFO] 12-06-2023 05:27:14 [TestNG-test=Run Gherkin-1] [LogUtils] - Verify equals: The Email Address field is required. and The Email Address field is required.
[INFO] 12-06-2023 05:27:14 [TestNG-test=Run Gherkin-1] [LogUtils] - Empty Username
[INFO] 12-06-2023 05:27:14 [TestNG-test=Run Gherkin-1] [LogUtils] - Empty Password
[INFO] 12-06-2023 05:27:15 [TestNG-test=Run Gherkin-1] [LogUtils] - Driver in TestContext: ChromeDriver: chrome on windows (ee2cade626b1878825cf6bb21b818df3)
[INFO] 12-06-2023 05:27:15 [TestNG-test=Run Gherkin-1] [LogUtils] - Open URL: https://crm.anhtester.com/admin/authentication
[INFO] 12-06-2023 05:27:15 [TestNG-test=Run Gherkin-1] [LogUtils] - Verify By.xpath: //h1[normalize-space()='Login'] is displayed
[INFO] 12-06-2023 05:27:15 [TestNG-test=Run Gherkin-1] [LogUtils] - Empty Password
[INFO] 12-06-2023 05:27:15 [TestNG-test=Run Gherkin-1] [LogUtils] - Empty Password
[INFO] 12-06-2023 05:27:15 [TestNG-test=Run Gherkin-1] [LogUtils] - Set text: admin@example.com on element By.xpath: //input[@id='email']
[INFO] 12-06-2023 05:27:15 [TestNG-test=Run Gherkin-1] [LogUtils] - Empty Password
[INFO] 12-06-2023 05:27:16 [TestNG-test=Run Gherkin-1] [LogUtils] - Click element By.xpath: //button[normalize-space()='Login']
[INFO] 12-06-2023 05:27:16 [TestNG-test=Run Gherkin-1] [LogUtils] - Empty Password
[INFO] 12-06-2023 05:27:16 [TestNG-test=Run Gherkin-1] [LogUtils] - Verify By.xpath: //div[@class='alert alert-danger text-center'] is displayed
[INFO] 12-06-2023 05:27:16 [TestNG-test=Run Gherkin-1] [LogUtils] - Get text: The Password field is required.
[INFO] 12-06-2023 05:27:16 [TestNG-test=Run Gherkin-1] [LogUtils] - Verify equals: The Password field is required. and The Password field is required.
[INFO] 12-06-2023 05:27:16 [TestNG-test=Run Gherkin-1] [LogUtils] - Empty Password
[INFO] 12-06-2023 05:27:16 [TestNG-test=Run Gherkin-1] [LogUtils] - Forgotten Password
[INFO] 12-06-2023 05:27:17 [TestNG-test=Run Gherkin-1] [LogUtils] - Driver in TestContext: ChromeDriver: chrome on windows (97c358e5e5c212b966a2233425739e9d)
[INFO] 12-06-2023 05:27:17 [TestNG-test=Run Gherkin-1] [LogUtils] - Open URL: https://crm.anhtester.com/admin/authentication
[INFO] 12-06-2023 05:27:17 [TestNG-test=Run Gherkin-1] [LogUtils] - Verify By.xpath: //h1[normalize-space()='Login'] is displayed
[INFO] 12-06-2023 05:27:17 [TestNG-test=Run Gherkin-1] [LogUtils] - Forgotten Password
[INFO] 12-06-2023 05:27:17 [TestNG-test=Run Gherkin-1] [LogUtils] - Forgotten Password
[INFO] 12-06-2023 05:27:17 [TestNG-test=Run Gherkin-1] [LogUtils] - Click element By.xpath: //a[normalize-space()='Forgot Password?']
[INFO] 12-06-2023 05:27:17 [TestNG-test=Run Gherkin-1] [LogUtils] - Verify equals: Forgot Password? and Forgot Password?
[INFO] 12-06-2023 05:27:17 [TestNG-test=Run Gherkin-1] [LogUtils] - Forgotten Password
[INFO] 12-06-2023 05:27:17 [TestNG-test=Run Gherkin-1] [LogUtils] - Set text: admin@example.com on element By.xpath: //input[@id='email']
[INFO] 12-06-2023 05:27:17 [TestNG-test=Run Gherkin-1] [LogUtils] - Forgotten Password
[INFO] 12-06-2023 05:27:18 [TestNG-test=Run Gherkin-1] [LogUtils] - Click element By.xpath: //button[normalize-space()='Confirm']
[INFO] 12-06-2023 05:27:18 [TestNG-test=Run Gherkin-1] [LogUtils] - Forgotten Password
